0 info it worked if it ends with ok
1 verbose cli [ '/usr/bin/nodejs', '/usr/bin/npm', 'run', 'build' ]
2 info using npm@3.9.3
3 info using node@v4.4.5
4 verbose run-script [ 'prebuild', 'build', 'postbuild' ]
5 info lifecycle shortenerMicroservice@0.0.0~prebuild: shortenerMicroservice@0.0.0
6 silly lifecycle shortenerMicroservice@0.0.0~prebuild: no script for prebuild, continuing
7 info lifecycle shortenerMicroservice@0.0.0~build: shortenerMicroservice@0.0.0
8 verbose lifecycle shortenerMicroservice@0.0.0~build: unsafe-perm in lifecycle true
9 verbose lifecycle shortenerMicroservice@0.0.0~build: PATH: /usr/lib/node_modules/npm/bin/node-gyp-bin:/home/ahmed/Desktop/freecodecamp/shortenerMicroservice/node_modules/.bin:/usr/bin:/usr/local/heroku/bin:/home/ahmed/.rbenv/plugins/ruby-build/bin:/home/ahmed/.rbenv/shims:/home/ahmed/.rbenv/bin:/usr/local/sbin:/usr/local/bin:/usr/sbin:/usr/bin:/sbin:/bin:/usr/games:/usr/local/games:/snap/bin
10 verbose lifecycle shortenerMicroservice@0.0.0~build: CWD: /home/ahmed/Desktop/freecodecamp/shortenerMicroservice
11 silly lifecycle shortenerMicroservice@0.0.0~build: Args: [ '-c', 'babel lib -d dist --presets es2015,stage-2' ]
12 silly lifecycle shortenerMicroservice@0.0.0~build: Returned: code: 2  signal: null
13 info lifecycle shortenerMicroservice@0.0.0~build: Failed to exec build script
14 verbose stack Error: shortenerMicroservice@0.0.0 build: `babel lib -d dist --presets es2015,stage-2`
14 verbose stack Exit status 2
14 verbose stack     at EventEmitter.<anonymous> (/usr/lib/node_modules/npm/lib/utils/lifecycle.js:245:16)
14 verbose stack     at emitTwo (events.js:87:13)
14 verbose stack     at EventEmitter.emit (events.js:172:7)
14 verbose stack     at ChildProcess.<anonymous> (/usr/lib/node_modules/npm/lib/utils/spawn.js:24:14)
14 verbose stack     at emitTwo (events.js:87:13)
14 verbose stack     at ChildProcess.emit (events.js:172:7)
14 verbose stack     at maybeClose (internal/child_process.js:827:16)
14 verbose stack     at Process.ChildProcess._handle.onexit (internal/child_process.js:211:5)
15 verbose pkgid shortenerMicroservice@0.0.0
16 verbose cwd /home/ahmed/Desktop/freecodecamp/shortenerMicroservice
17 error Linux 4.4.0-24-generic
18 error argv "/usr/bin/nodejs" "/usr/bin/npm" "run" "build"
19 error node v4.4.5
20 error npm  v3.9.3
21 error code ELIFECYCLE
22 error shortenerMicroservice@0.0.0 build: `babel lib -d dist --presets es2015,stage-2`
22 error Exit status 2
23 error Failed at the shortenerMicroservice@0.0.0 build script 'babel lib -d dist --presets es2015,stage-2'.
23 error Make sure you have the latest version of node.js and npm installed.
23 error If you do, this is most likely a problem with the shortenerMicroservice package,
23 error not with npm itself.
23 error Tell the author that this fails on your system:
23 error     babel lib -d dist --presets es2015,stage-2
23 error You can get information on how to open an issue for this project with:
23 error     npm bugs shortenerMicroservice
23 error Or if that isn't available, you can get their info via:
23 error     npm owner ls shortenerMicroservice
23 error There is likely additional logging output above.
24 verbose exit [ 1, true ]
